<?xml version="1.0" encoding="UTF-8"?>
<!-- Generated by org.testng.reporters.JUnitReportReporter -->
<testsuite hostname="LAPTOP-RQ63C1TE" failures="0" tests="9" name="SequenceFlow.HomePageTest" time="217.897" errors="0" timestamp="2024-08-15T12:32:57 IST" skipped="0">
  <testcase classname="SequenceFlow.HomePageTest" name="Apparel" time="19.750"/>
  <testcase classname="SequenceFlow.HomePageTest" name="EndToEndflowOrder" time="60.986"/>
  <testcase classname="SequenceFlow.HomePageTest" name="GiftCard" time="41.261"/>
  <testcase classname="SequenceFlow.HomePageTest" name="loginLink" time="13.304"/>
  <testcase classname="SequenceFlow.HomePageTest" name="LoginPageTest" time="14.467"/>
  <testcase classname="SequenceFlow.HomePageTest" name="computer" time="17.732"/>
  <testcase classname="SequenceFlow.HomePageTest" name="launch" time="22.292"/>
  <testcase classname="SequenceFlow.HomePageTest" name="Home" time="12.954"/>
  <testcase classname="SequenceFlow.HomePageTest" name="Electronic" time="15.151"/>
</testsuite> <!-- SequenceFlow.HomePageTest -->
