<?xml version="1.0" encoding="UTF-8"?>
<!-- Generated by org.testng.reporters.JUnitReportReporter -->
<testsuite hostname="LAPTOP-RQ63C1TE" failures="0" tests="1" name="SequenceFlow.LoginPageTest" time="5.582" errors="0" timestamp="2024-07-28T11:30:01 IST" skipped="0">
  <testcase classname="SequenceFlow.LoginPageTest" name="login" time="5.582"/>
</testsuite> <!-- SequenceFlow.LoginPageTest -->
